{"C:\\Users\\tulio\\Projetos\\react-luiz-otavio\\secao2\\src\\main.jsx": {"path":"C:\\Users\\tulio\\Projetos\\react-luiz-otavio\\secao2\\src\\main.jsx","all":true,"statementMap":{"0":{"start":{"line":1,"column":0},"end":{"line":1,"column":26}},"1":{"start":{"line":2,"column":0},"end":{"line":2,"column":40}},"2":{"start":{"line":3,"column":0},"end":{"line":3,"column":51}},"3":{"start":{"line":4,"column":0},"end":{"line":4,"column":52}},"5":{"start":{"line":6,"column":0},"end":{"line":6,"column":60}},"6":{"start":{"line":7,"column":0},"end":{"line":7,"column":20}},"7":{"start":{"line":8,"column":0},"end":{"line":8,"column":12}},"8":{"start":{"line":9,"column":0},"end":{"line":9,"column":21}},"9":{"start":{"line":10,"column":0},"end":{"line":10,"column":2}}},"s":{"0":0,"1":0,"2":0,"3":0,"5":0,"6":0,"7":0,"8":0,"9":0},"branchMap":{"0":{"type":"branch","line":1,"loc":{"start":{"line":1,"column":293},"end":{"line":10,"column":2}},"locations":[{"start":{"line":1,"column":293},"end":{"line":10,"column":2}}]}},"b":{"0":[0]},"fnMap":{"0":{"name":"(empty-report)","decl":{"start":{"line":1,"column":293},"end":{"line":10,"column":2}},"loc":{"start":{"line":1,"column":293},"end":{"line":10,"column":2}},"line":1}},"f":{"0":0}}
,"C:\\Users\\tulio\\Projetos\\react-luiz-otavio\\secao2\\src\\components\\Button\\Button.jsx": {"path":"C:\\Users\\tulio\\Projetos\\react-luiz-otavio\\secao2\\src\\components\\Button\\Button.jsx","all":false,"statementMap":{"0":{"start":{"line":1,"column":0},"end":{"line":1,"column":26}},"1":{"start":{"line":2,"column":0},"end":{"line":2,"column":22}},"2":{"start":{"line":3,"column":0},"end":{"line":3,"column":53}},"3":{"start":{"line":4,"column":0},"end":{"line":4,"column":10}},"4":{"start":{"line":5,"column":0},"end":{"line":5,"column":73}},"5":{"start":{"line":6,"column":0},"end":{"line":6,"column":12}},"6":{"start":{"line":7,"column":0},"end":{"line":7,"column":13}},"8":{"start":{"line":9,"column":0},"end":{"line":9,"column":2}},"10":{"start":{"line":11,"column":0},"end":{"line":11,"column":22}}},"s":{"0":1,"1":1,"2":1,"3":5,"4":5,"5":5,"6":5,"8":5,"10":1},"branchMap":{"0":{"type":"branch","line":3,"loc":{"start":{"line":3,"column":15},"end":{"line":9,"column":2}},"locations":[{"start":{"line":3,"column":15},"end":{"line":9,"column":2}}]}},"b":{"0":[5]},"fnMap":{"0":{"name":"Button","decl":{"start":{"line":3,"column":15},"end":{"line":9,"column":2}},"loc":{"start":{"line":3,"column":15},"end":{"line":9,"column":2}},"line":3}},"f":{"0":5}}
,"C:\\Users\\tulio\\Projetos\\react-luiz-otavio\\secao2\\src\\components\\PostCard\\PostCard.jsx": {"path":"C:\\Users\\tulio\\Projetos\\react-luiz-otavio\\secao2\\src\\components\\PostCard\\PostCard.jsx","all":false,"statementMap":{"0":{"start":{"line":1,"column":0},"end":{"line":1,"column":24}},"2":{"start":{"line":3,"column":0},"end":{"line":3,"column":50}},"3":{"start":{"line":4,"column":0},"end":{"line":4,"column":24}},"4":{"start":{"line":5,"column":0},"end":{"line":5,"column":35}},"5":{"start":{"line":6,"column":0},"end":{"line":6,"column":34}},"6":{"start":{"line":7,"column":0},"end":{"line":7,"column":10}},"7":{"start":{"line":8,"column":0},"end":{"line":8,"column":20}},"8":{"start":{"line":9,"column":0},"end":{"line":9,"column":11}},"9":{"start":{"line":10,"column":0},"end":{"line":10,"column":19}},"10":{"start":{"line":11,"column":0},"end":{"line":11,"column":10}},"11":{"start":{"line":12,"column":0},"end":{"line":12,"column":8}},"14":{"start":{"line":15,"column":0},"end":{"line":15,"column":24}}},"s":{"0":1,"2":1,"3":8,"4":8,"5":8,"6":8,"7":8,"8":8,"9":8,"10":8,"11":8,"14":1},"branchMap":{"0":{"type":"branch","line":3,"loc":{"start":{"line":3,"column":17},"end":{"line":12,"column":8}},"locations":[{"start":{"line":3,"column":17},"end":{"line":12,"column":8}}]}},"b":{"0":[8]},"fnMap":{"0":{"name":"PostCard","decl":{"start":{"line":3,"column":17},"end":{"line":12,"column":8}},"loc":{"start":{"line":3,"column":17},"end":{"line":12,"column":8}},"line":3}},"f":{"0":8}}
,"C:\\Users\\tulio\\Projetos\\react-luiz-otavio\\secao2\\src\\components\\Posts\\Posts.jsx": {"path":"C:\\Users\\tulio\\Projetos\\react-luiz-otavio\\secao2\\src\\components\\Posts\\Posts.jsx","all":false,"statementMap":{"0":{"start":{"line":1,"column":0},"end":{"line":1,"column":44}},"1":{"start":{"line":2,"column":0},"end":{"line":2,"column":21}},"2":{"start":{"line":3,"column":0},"end":{"line":3,"column":35}},"3":{"start":{"line":4,"column":0},"end":{"line":4,"column":25}},"4":{"start":{"line":5,"column":0},"end":{"line":5,"column":26}},"5":{"start":{"line":6,"column":0},"end":{"line":6,"column":15}},"6":{"start":{"line":7,"column":0},"end":{"line":7,"column":21}},"7":{"start":{"line":8,"column":0},"end":{"line":8,"column":26}},"8":{"start":{"line":9,"column":0},"end":{"line":9,"column":24}},"9":{"start":{"line":10,"column":0},"end":{"line":10,"column":20}},"10":{"start":{"line":11,"column":0},"end":{"line":11,"column":26}},"11":{"start":{"line":12,"column":0},"end":{"line":12,"column":8}},"12":{"start":{"line":13,"column":0},"end":{"line":13,"column":7}},"13":{"start":{"line":14,"column":0},"end":{"line":14,"column":8}},"15":{"start":{"line":16,"column":0},"end":{"line":16,"column":21}}},"s":{"0":1,"1":1,"2":1,"3":3,"4":3,"5":6,"6":6,"7":6,"8":6,"9":6,"10":6,"11":6,"12":6,"13":3,"15":1},"branchMap":{"0":{"type":"branch","line":3,"loc":{"start":{"line":3,"column":14},"end":{"line":14,"column":8}},"locations":[{"start":{"line":3,"column":14},"end":{"line":14,"column":8}}]},"1":{"type":"branch","line":5,"loc":{"start":{"line":5,"column":15},"end":{"line":13,"column":7}},"locations":[{"start":{"line":5,"column":15},"end":{"line":13,"column":7}}]}},"b":{"0":[3],"1":[6]},"fnMap":{"0":{"name":"Posts","decl":{"start":{"line":3,"column":14},"end":{"line":14,"column":8}},"loc":{"start":{"line":3,"column":14},"end":{"line":14,"column":8}},"line":3}},"f":{"0":3}}
,"C:\\Users\\tulio\\Projetos\\react-luiz-otavio\\secao2\\src\\components\\TextInput\\TextInput.jsx": {"path":"C:\\Users\\tulio\\Projetos\\react-luiz-otavio\\secao2\\src\\components\\TextInput\\TextInput.jsx","all":false,"statementMap":{"0":{"start":{"line":1,"column":0},"end":{"line":1,"column":26}},"1":{"start":{"line":2,"column":0},"end":{"line":2,"column":25}},"2":{"start":{"line":3,"column":0},"end":{"line":3,"column":54}},"3":{"start":{"line":4,"column":0},"end":{"line":4,"column":10}},"4":{"start":{"line":5,"column":0},"end":{"line":5,"column":10}},"5":{"start":{"line":6,"column":0},"end":{"line":6,"column":19}},"6":{"start":{"line":7,"column":0},"end":{"line":7,"column":29}},"7":{"start":{"line":8,"column":0},"end":{"line":8,"column":25}},"8":{"start":{"line":9,"column":0},"end":{"line":9,"column":28}},"9":{"start":{"line":10,"column":0},"end":{"line":10,"column":36}},"10":{"start":{"line":11,"column":0},"end":{"line":11,"column":6}},"12":{"start":{"line":13,"column":0},"end":{"line":13,"column":2}},"14":{"start":{"line":15,"column":0},"end":{"line":15,"column":25}}},"s":{"0":1,"1":1,"2":1,"3":4,"4":4,"5":4,"6":4,"7":4,"8":4,"9":4,"10":4,"12":4,"14":1},"branchMap":{"0":{"type":"branch","line":3,"loc":{"start":{"line":3,"column":18},"end":{"line":13,"column":2}},"locations":[{"start":{"line":3,"column":18},"end":{"line":13,"column":2}}]}},"b":{"0":[4]},"fnMap":{"0":{"name":"TextInput","decl":{"start":{"line":3,"column":18},"end":{"line":13,"column":2}},"loc":{"start":{"line":3,"column":18},"end":{"line":13,"column":2}},"line":3}},"f":{"0":4}}
,"C:\\Users\\tulio\\Projetos\\react-luiz-otavio\\secao2\\src\\components\\pages\\Home\\Home.jsx": {"path":"C:\\Users\\tulio\\Projetos\\react-luiz-otavio\\secao2\\src\\components\\pages\\Home\\Home.jsx","all":false,"statementMap":{"0":{"start":{"line":1,"column":0},"end":{"line":1,"column":68}},"1":{"start":{"line":2,"column":0},"end":{"line":2,"column":20}},"2":{"start":{"line":3,"column":0},"end":{"line":3,"column":55}},"3":{"start":{"line":4,"column":0},"end":{"line":4,"column":41}},"4":{"start":{"line":5,"column":0},"end":{"line":5,"column":38}},"5":{"start":{"line":6,"column":0},"end":{"line":6,"column":50}},"7":{"start":{"line":8,"column":0},"end":{"line":8,"column":20}},"8":{"start":{"line":9,"column":0},"end":{"line":9,"column":41}},"9":{"start":{"line":10,"column":0},"end":{"line":10,"column":47}},"10":{"start":{"line":11,"column":0},"end":{"line":11,"column":38}},"11":{"start":{"line":12,"column":0},"end":{"line":12,"column":54}},"12":{"start":{"line":13,"column":0},"end":{"line":13,"column":53}},"14":{"start":{"line":15,"column":0},"end":{"line":15,"column":35}},"15":{"start":{"line":16,"column":0},"end":{"line":16,"column":33}},"16":{"start":{"line":17,"column":0},"end":{"line":17,"column":76}},"17":{"start":{"line":18,"column":0},"end":{"line":18,"column":8}},"18":{"start":{"line":19,"column":0},"end":{"line":19,"column":12}},"20":{"start":{"line":21,"column":0},"end":{"line":21,"column":31}},"21":{"start":{"line":22,"column":0},"end":{"line":22,"column":31}},"23":{"start":{"line":24,"column":0},"end":{"line":24,"column":26}},"24":{"start":{"line":25,"column":0},"end":{"line":25,"column":4}},"30":{"start":{"line":31,"column":0},"end":{"line":31,"column":69}},"31":{"start":{"line":32,"column":0},"end":{"line":32,"column":45}},"33":{"start":{"line":34,"column":0},"end":{"line":34,"column":55}},"34":{"start":{"line":35,"column":0},"end":{"line":35,"column":32}},"35":{"start":{"line":36,"column":0},"end":{"line":36,"column":9}},"37":{"start":{"line":38,"column":0},"end":{"line":38,"column":31}},"38":{"start":{"line":39,"column":0},"end":{"line":39,"column":41}},"39":{"start":{"line":40,"column":0},"end":{"line":40,"column":72}},"40":{"start":{"line":41,"column":0},"end":{"line":41,"column":29}},"42":{"start":{"line":43,"column":0},"end":{"line":43,"column":20}},"43":{"start":{"line":44,"column":0},"end":{"line":44,"column":22}},"44":{"start":{"line":45,"column":0},"end":{"line":45,"column":4}},"46":{"start":{"line":47,"column":0},"end":{"line":47,"column":61}},"48":{"start":{"line":49,"column":0},"end":{"line":49,"column":19}},"49":{"start":{"line":50,"column":0},"end":{"line":50,"column":37}},"50":{"start":{"line":51,"column":0},"end":{"line":51,"column":38}},"52":{"start":{"line":53,"column":0},"end":{"line":53,"column":10}},"53":{"start":{"line":54,"column":0},"end":{"line":54,"column":35}},"54":{"start":{"line":55,"column":0},"end":{"line":55,"column":40}},"55":{"start":{"line":56,"column":0},"end":{"line":56,"column":25}},"56":{"start":{"line":57,"column":0},"end":{"line":57,"column":12}},"57":{"start":{"line":58,"column":0},"end":{"line":58,"column":48}},"58":{"start":{"line":59,"column":0},"end":{"line":59,"column":13}},"61":{"start":{"line":62,"column":0},"end":{"line":62,"column":75}},"62":{"start":{"line":63,"column":0},"end":{"line":63,"column":12}},"64":{"start":{"line":65,"column":0},"end":{"line":65,"column":35}},"65":{"start":{"line":66,"column":0},"end":{"line":66,"column":39}},"67":{"start":{"line":68,"column":0},"end":{"line":68,"column":61}},"70":{"start":{"line":71,"column":0},"end":{"line":71,"column":40}},"71":{"start":{"line":72,"column":0},"end":{"line":72,"column":26}},"72":{"start":{"line":73,"column":0},"end":{"line":73,"column":17}},"73":{"start":{"line":74,"column":0},"end":{"line":74,"column":39}},"74":{"start":{"line":75,"column":0},"end":{"line":75,"column":30}},"75":{"start":{"line":76,"column":0},"end":{"line":76,"column":34}},"76":{"start":{"line":77,"column":0},"end":{"line":77,"column":12}},"78":{"start":{"line":79,"column":0},"end":{"line":79,"column":12}},"79":{"start":{"line":80,"column":0},"end":{"line":80,"column":14}},"81":{"start":{"line":82,"column":0},"end":{"line":82,"column":2}},"83":{"start":{"line":84,"column":0},"end":{"line":84,"column":20}}},"s":{"0":1,"1":1,"2":1,"3":1,"4":1,"5":1,"7":1,"8":1,"9":1,"10":1,"11":1,"12":1,"14":1,"15":0,"16":0,"17":0,"18":1,"20":1,"21":0,"23":0,"24":0,"30":1,"31":1,"33":0,"34":0,"35":1,"37":1,"38":0,"39":0,"40":0,"42":0,"43":0,"44":0,"46":1,"48":1,"49":1,"50":1,"52":1,"53":1,"54":1,"55":1,"56":0,"57":0,"58":0,"61":1,"62":1,"64":1,"65":0,"67":1,"70":1,"71":1,"72":1,"73":1,"74":1,"75":1,"76":1,"78":1,"79":1,"81":1,"83":1},"branchMap":{"0":{"type":"branch","line":8,"loc":{"start":{"line":8,"column":13},"end":{"line":82,"column":2}},"locations":[{"start":{"line":8,"column":13},"end":{"line":82,"column":2}}]},"1":{"type":"branch","line":15,"loc":{"start":{"line":15,"column":24},"end":{"line":18,"column":8}},"locations":[{"start":{"line":15,"column":24},"end":{"line":18,"column":8}}]},"2":{"type":"branch","line":56,"loc":{"start":{"line":56,"column":9},"end":{"line":59,"column":13}},"locations":[{"start":{"line":56,"column":9},"end":{"line":59,"column":13}}]},"3":{"type":"branch","line":65,"loc":{"start":{"line":65,"column":30},"end":{"line":66,"column":39}},"locations":[{"start":{"line":65,"column":30},"end":{"line":66,"column":39}}]},"4":{"type":"branch","line":31,"loc":{"start":{"line":31,"column":38},"end":{"line":36,"column":5}},"locations":[{"start":{"line":31,"column":38},"end":{"line":36,"column":5}}]},"5":{"type":"branch","line":32,"loc":{"start":{"line":32,"column":43},"end":{"line":35,"column":32}},"locations":[{"start":{"line":32,"column":43},"end":{"line":35,"column":32}}]},"6":{"type":"branch","line":49,"loc":{"start":{"line":49,"column":12},"end":{"line":51,"column":5}},"locations":[{"start":{"line":49,"column":12},"end":{"line":51,"column":5}}]}},"b":{"0":[1],"1":[0],"2":[0],"3":[0],"4":[1],"5":[0],"6":[1]},"fnMap":{"0":{"name":"Home","decl":{"start":{"line":8,"column":13},"end":{"line":82,"column":2}},"loc":{"start":{"line":8,"column":13},"end":{"line":82,"column":2}},"line":8},"1":{"name":"handleChange","decl":{"start":{"line":21,"column":23},"end":{"line":25,"column":4}},"loc":{"start":{"line":21,"column":23},"end":{"line":25,"column":4}},"line":21},"2":{"name":"loadMorePosts","decl":{"start":{"line":38,"column":24},"end":{"line":45,"column":4}},"loc":{"start":{"line":38,"column":24},"end":{"line":45,"column":4}},"line":38}},"f":{"0":1,"1":0,"2":0}}
,"C:\\Users\\tulio\\Projetos\\react-luiz-otavio\\secao2\\src\\utils\\load-photos.js": {"path":"C:\\Users\\tulio\\Projetos\\react-luiz-otavio\\secao2\\src\\utils\\load-photos.js","all":false,"statementMap":{"0":{"start":{"line":1,"column":0},"end":{"line":1,"column":38}},"1":{"start":{"line":2,"column":0},"end":{"line":2,"column":76}},"2":{"start":{"line":3,"column":0},"end":{"line":3,"column":78}},"3":{"start":{"line":4,"column":0},"end":{"line":4,"column":0}},"4":{"start":{"line":5,"column":0},"end":{"line":5,"column":77}},"5":{"start":{"line":6,"column":0},"end":{"line":6,"column":0}},"6":{"start":{"line":7,"column":0},"end":{"line":7,"column":39}},"7":{"start":{"line":8,"column":0},"end":{"line":8,"column":41}},"8":{"start":{"line":9,"column":0},"end":{"line":9,"column":0}},"9":{"start":{"line":10,"column":0},"end":{"line":10,"column":57}},"10":{"start":{"line":11,"column":0},"end":{"line":11,"column":53}},"11":{"start":{"line":12,"column":0},"end":{"line":12,"column":5}},"12":{"start":{"line":13,"column":0},"end":{"line":13,"column":0}},"13":{"start":{"line":14,"column":0},"end":{"line":14,"column":24}},"14":{"start":{"line":15,"column":0},"end":{"line":15,"column":2}}},"s":{"0":1,"1":1,"2":1,"3":1,"4":1,"5":0,"6":0,"7":0,"8":0,"9":0,"10":0,"11":0,"12":0,"13":0,"14":0},"branchMap":{"0":{"type":"branch","line":1,"loc":{"start":{"line":1,"column":25},"end":{"line":15,"column":2}},"locations":[{"start":{"line":1,"column":25},"end":{"line":15,"column":2}}]},"1":{"type":"branch","line":6,"loc":{"start":{"line":6,"column":-2},"end":{"line":15,"column":2}},"locations":[{"start":{"line":6,"column":-2},"end":{"line":15,"column":2}}]}},"b":{"0":[1],"1":[0]},"fnMap":{"0":{"name":"loadPosts","decl":{"start":{"line":1,"column":25},"end":{"line":15,"column":2}},"loc":{"start":{"line":1,"column":25},"end":{"line":15,"column":2}},"line":1}},"f":{"0":1}}
}
